<?xml version="1.0" encoding="UTF-8"?>
<testsuite xmlns:xsi="http://www.w3.org/2001/XMLSchema-instance" xsi:noNamespaceSchemaLocation="https://maven.apache.org/surefire/maven-surefire-plugin/xsd/surefire-test-report-3.0.xsd" version="3.0" name="TestSuite" time="34.009" tests="3" errors="0" skipped="0" failures="3">
  <properties>
[...]
</properties>
  <testcase name="runScenario[&quot;two products purchasing&quot;, &quot;Product Purchasing&quot;](1)" classname="Runner.TestRunner" time="1.254">
    <failure message="expected [Sign up successful.] but found [This user already exist.]" type="java.lang.AssertionError"><![CDATA[java.lang.AssertionError: expected [Sign up successful.] but found [This user already exist.]
	at org.testng.Assert.fail(Assert.java:110)
	at org.testng.Assert.failNotEquals(Assert.java:1577)
	at org.testng.Assert.assertEqualsImpl(Assert.java:149)
	at org.testng.Assert.assertEquals(Assert.java:131)
	at org.testng.Assert.assertEquals(Assert.java:655)
	at org.testng.Assert.assertEquals(Assert.java:665)
	at Steps.TwoProductsPurchasing.the_user_has_registered_successfully_using(TwoProductsPurchasing.java:44)
	at ✽.the user has registered successfully using "User4487" , "<password>"(file:///C:/Users/Mohamed%20Mazrouaa/IdeaProjects/VodafoneTask/src/test/java/features/ProductsPurchasing.feature:5)
]]></failure>
    <system-out><![CDATA[
Scenario Outline: two products purchasing                                                                                                              # src/test/java/features/ProductsPurchasing.feature:24
  Given the user has registered successfully using "User4487" , "<password>"                                                                           # Steps.TwoProductsPurchasing.the_user_has_registered_successfully_using(java.lang.String,java.lang.String)
      java.lang.AssertionError: expected [Sign up successful.] but found [This user already exist.]
	at org.testng.Assert.fail(Assert.java:110)
	at org.testng.Assert.failNotEquals(Assert.java:1577)
	at org.testng.Assert.assertEqualsImpl(Assert.java:149)
	at org.testng.Assert.assertEquals(Assert.java:131)
	at org.testng.Assert.assertEquals(Assert.java:655)
	at org.testng.Assert.assertEquals(Assert.java:665)
	at Steps.TwoProductsPurchasing.the_user_has_registered_successfully_using(TwoProductsPurchasing.java:44)
	at ✽.the user has registered successfully using "User4487" , "<password>"(file:///C:/Users/Mohamed%20Mazrouaa/IdeaProjects/VodafoneTask/src/test/java/features/ProductsPurchasing.feature:5)

  When The user clicks on Log in button in Header                                                                                                      # Steps.TwoProductsPurchasing.the_user_clicks_on_Log_in_button_in_header()
  And Fill "User4487" , "<password>" in Log in Form                                                                                                    # Steps.TwoProductsPurchasing.fill_in_log_in_form(java.lang.String,java.lang.String)
  Then The account should open Successfully                                                                                                            # Steps.TwoProductsPurchasing.the_account_should_open_successfully()
  When The user Clicks on Laptops in categories in home page.                                                                                          # Steps.TwoProductsPurchasing.the_user_clicks_on_laptops_in_categories_in_home_page()
  And Chooses product one and Clicks on Add to cart button                                                                                             # Steps.TwoProductsPurchasing.chooses_product_one_and_clicks_on_add_to_cart_button()
  Then The product is successfully added                                                                                                               # Steps.TwoProductsPurchasing.the_product_is_successfully_added()
  When The user Chooses product two and Clicks on Add to cart button                                                                                   # Steps.TwoProductsPurchasing.the_user_chooses_product_two_and_clicks_on_add_to_cart_button()
  Then The other product is successfully added                                                                                                         # Steps.TwoProductsPurchasing.the_other_product_is_successfully_added()
  When The user Clicks on Cart button in header                                                                                                        # Steps.TwoProductsPurchasing.the_user_clicks_on_cart_button_in_header()
  Then The two products which include (title and Price) are successfully should be added in products page and the total amount is calculated correctly # Steps.TwoProductsPurchasing.the_two_products_which_include_title_and_price_are_successfully_should_be_added_in_products_page_and_the_total_amount_is_calculated_correctly()
  When The user Clicks on Place order button                                                                                                           # Steps.TwoProductsPurchasing.the_user_clicks_on_place_order_button()
  Then The total amount should be calculated correctly in place order page                                                                             # Steps.TwoProductsPurchasing.the_total_amount_should_be_calculated_correctly_in_place_order_page()
  When The user Fills the (Name, Country, City, Credit Card, Month and Year)                                                                           # Steps.TwoProductsPurchasing.the_user_fills_the_name_country_city_credit_card_month_and_year()
  And The user Clicks on Purchase button in place holder Form                                                                                          # Steps.TwoProductsPurchasing.the_user_clicks_on_purchase_button_in_place_holder_form()
  Then The message ‘Thank you for your purchase!’ should be displayed                                                                                  # Steps.TwoProductsPurchasing.the_message_thank_you_for_your_purchase_should_be_displayed()
]]></system-out>
    <system-err><![CDATA[SLF4J: Failed to load class "org.slf4j.impl.StaticLoggerBinder".
SLF4J: Defaulting to no-operation (NOP) logger implementation
SLF4J: See http://www.slf4j.org/codes.html#StaticLoggerBinder for further details.
1740573113320	geckodriver	INFO	Listening on 127.0.0.1:37113
1740573113547	mozrunner::runner	INFO	Running command: "C:\\Program Files\\Mozilla Firefox\\firefox.exe" "--marionette" "--remote-debugging-port" "20241" "--remote ... alhost:20241/,http://[::1]:20241/" "-no-remote" "-profile" "C:\\Users\\MOHAME~1\\AppData\\Local\\Temp\\rust_mozprofilecCKr06"
console.warn: services.settings: Ignoring preference override of remote settings server
console.warn: services.settings: Allow by setting MOZ_REMOTE_SETTINGS_DEVTOOLS=1 in the environment
Dynamically enable window occlusion 0
1740573113873	Marionette	INFO	Marionette enabled
1740573113971	Marionette	INFO	Listening on port 54644
WebDriver BiDi listening on ws://127.0.0.1:20241
Read port: 54644
1740573114129	RemoteAgent	WARN	TLS certificate errors will be ignored for this session
]]></system-err>
  </testcase>
  <testcase name="runScenario[&quot;User Registration&quot;, &quot;User Registration&quot;](2)" classname="Runner.TestRunner" time="8.079">
    <failure message="expected [Sign up successful.] but found [This user already exist.]" type="java.lang.AssertionError"><![CDATA[java.lang.AssertionError: expected [Sign up successful.] but found [This user already exist.]
	at org.testng.Assert.fail(Assert.java:110)
	at org.testng.Assert.failNotEquals(Assert.java:1577)
	at org.testng.Assert.assertEqualsImpl(Assert.java:149)
	at org.testng.Assert.assertEquals(Assert.java:131)
	at org.testng.Assert.assertEquals(Assert.java:655)
	at org.testng.Assert.assertEquals(Assert.java:665)
	at Steps.UserRegisteration.the_sign_up_successful_message_appears_successfully(UserRegisteration.java:49)
	at ✽.The “Sign up successful.” message appears successfully(file:///C:/Users/Mohamed%20Mazrouaa/IdeaProjects/VodafoneTask/src/test/java/features/UserRegisteration.feature:8)
]]></failure>
    <system-out><![CDATA[
Scenario Outline: User Registration                           # src/test/java/features/UserRegisteration.feature:11
  Given the user in the home page                             # Steps.UserRegisteration.the_user_in_the_home_page()
  When I click on Sign up button in Header                    # Steps.UserRegisteration.i_click_on_sign_up_button_in_header()
  And I entered the "User7880" , "<password>"                 # Steps.UserRegisteration.i_entered_the(java.lang.String,java.lang.String)
  Then The “Sign up successful.” message appears successfully # Steps.UserRegisteration.the_sign_up_successful_message_appears_successfully()
      java.lang.AssertionError: expected [Sign up successful.] but found [This user already exist.]
	at org.testng.Assert.fail(Assert.java:110)
	at org.testng.Assert.failNotEquals(Assert.java:1577)
	at org.testng.Assert.assertEqualsImpl(Assert.java:149)
	at org.testng.Assert.assertEquals(Assert.java:131)
	at org.testng.Assert.assertEquals(Assert.java:655)
	at org.testng.Assert.assertEquals(Assert.java:665)
	at Steps.UserRegisteration.the_sign_up_successful_message_appears_successfully(UserRegisteration.java:49)
	at ✽.The “Sign up successful.” message appears successfully(file:///C:/Users/Mohamed%20Mazrouaa/IdeaProjects/VodafoneTask/src/test/java/features/UserRegisteration.feature:8)

]]></system-out>
    <system-err><![CDATA[1740573118762	Marionette	INFO	Stopped listening on port 54644
Dynamically enable window occlusion 1
JavaScript error: resource://gre/modules/Prompter.sys.mjs, line 1235: NS_ERROR_NOT_AVAILABLE: prompt aborted by user
1740573119769	geckodriver	INFO	Listening on 127.0.0.1:14870
1740573119820	mozrunner::runner	INFO	Running command: "C:\\Program Files\\Mozilla Firefox\\firefox.exe" "--marionette" "--remote-debugging-port" "30787" "--remote ... alhost:30787/,http://[::1]:30787/" "-no-remote" "-profile" "C:\\Users\\MOHAME~1\\AppData\\Local\\Temp\\rust_mozprofile7PXBmL"
console.warn: services.settings: Ignoring preference override of remote settings server
console.warn: services.settings: Allow by setting MOZ_REMOTE_SETTINGS_DEVTOOLS=1 in the environment
Dynamically enable window occlusion 0
1740573120166	Marionette	INFO	Marionette enabled
1740573120284	Marionette	INFO	Listening on port 54668
WebDriver BiDi listening on ws://127.0.0.1:30787
Read port: 54668
1740573120418	RemoteAgent	WARN	TLS certificate errors will be ignored for this session
]]></system-err>
  </testcase>
  <testcase name="runScenario[&quot;User Registration&quot;, &quot;User Registration&quot;](3)" classname="Runner.TestRunner" time="8.092">
    <failure message="expected [Sign up successful.] but found [This user already exist.]" type="java.lang.AssertionError"><![CDATA[java.lang.AssertionError: expected [Sign up successful.] but found [This user already exist.]
	at org.testng.Assert.fail(Assert.java:110)
	at org.testng.Assert.failNotEquals(Assert.java:1577)
	at org.testng.Assert.assertEqualsImpl(Assert.java:149)
	at org.testng.Assert.assertEquals(Assert.java:131)
	at org.testng.Assert.assertEquals(Assert.java:655)
	at org.testng.Assert.assertEquals(Assert.java:665)
	at Steps.UserRegisteration.the_sign_up_successful_message_appears_successfully(UserRegisteration.java:49)
	at ✽.The “Sign up successful.” message appears successfully(file:///C:/Users/Mohamed%20Mazrouaa/IdeaProjects/VodafoneTask/src/test/java/features/UserRegisteration.feature:8)
]]></failure>
    <system-out><![CDATA[
Scenario Outline: User Registration                           # src/test/java/features/UserRegisteration.feature:12
  Given the user in the home page                             # Steps.UserRegisteration.the_user_in_the_home_page()
  When I click on Sign up button in Header                    # Steps.UserRegisteration.i_click_on_sign_up_button_in_header()
  And I entered the "User7881" , "<password>"                 # Steps.UserRegisteration.i_entered_the(java.lang.String,java.lang.String)
  Then The “Sign up successful.” message appears successfully # Steps.UserRegisteration.the_sign_up_successful_message_appears_successfully()
      java.lang.AssertionError: expected [Sign up successful.] but found [This user already exist.]
	at org.testng.Assert.fail(Assert.java:110)
	at org.testng.Assert.failNotEquals(Assert.java:1577)
	at org.testng.Assert.assertEqualsImpl(Assert.java:149)
	at org.testng.Assert.assertEquals(Assert.java:131)
	at org.testng.Assert.assertEquals(Assert.java:655)
	at org.testng.Assert.assertEquals(Assert.java:665)
	at Steps.UserRegisteration.the_sign_up_successful_message_appears_successfully(UserRegisteration.java:49)
	at ✽.The “Sign up successful.” message appears successfully(file:///C:/Users/Mohamed%20Mazrouaa/IdeaProjects/VodafoneTask/src/test/java/features/UserRegisteration.feature:8)

]]></system-out>
    <system-err><![CDATA[1740573131796	Marionette	INFO	Stopped listening on port 54668
Dynamically enable window occlusion 1
JavaScript error: resource://gre/modules/Prompter.sys.mjs, line 1235: NS_ERROR_NOT_AVAILABLE: prompt aborted by user
1740573132826	geckodriver	INFO	Listening on 127.0.0.1:38652
1740573132876	mozrunner::runner	INFO	Running command: "C:\\Program Files\\Mozilla Firefox\\firefox.exe" "--marionette" "--remote-debugging-port" "48733" "--remote ... alhost:48733/,http://[::1]:48733/" "-no-remote" "-profile" "C:\\Users\\MOHAME~1\\AppData\\Local\\Temp\\rust_mozprofilePiYjAc"
console.warn: services.settings: Ignoring preference override of remote settings server
console.warn: services.settings: Allow by setting MOZ_REMOTE_SETTINGS_DEVTOOLS=1 in the environment
Dynamically enable window occlusion 0
1740573133187	Marionette	INFO	Marionette enabled
1740573133282	Marionette	INFO	Listening on port 54694
WebDriver BiDi listening on ws://127.0.0.1:48733
Read port: 54694
1740573133428	RemoteAgent	WARN	TLS certificate errors will be ignored for this session
]]></system-err>
  </testcase>
</testsuite>